Arguments: 
  C:\Program Files\nodejs\node.exe C:\Program Files (x86)\Yarn\bin\yarn.js add react-localization

PATH: 
  C:\Program Files\Docker\Docker\Resources\bin;C:\ProgramData\Oracle\Java\javapath;C:\Program Files\Microsoft MPI\Bin\;C:\WINDOWS\system32;C:\WINDOWS;C:\WINDOWS\System32\Wbem;C:\WINDOWS\System32\WindowsPowerShell\v1.0\;C:\Program Files\TortoiseSVN\bin;C:\Program Files (x86)\Skype\Phone\;C:\Program Files\TortoiseGit\bin;C:\Program Files (x86)\Microsoft SQL Server\130\Tools\Binn\;C:\Program Files\Microsoft SQL Server\130\Tools\Binn\;C:\Program Files (x86)\Microsoft SQL Server\130\DTS\Binn\;C:\Program Files\Microsoft SQL Server\130\DTS\Binn\;C:\Program Files\Microsoft SQL Server\Client SDK\ODBC\130\Tools\Binn\;C:\Program Files\dotnet\;C:\Program Files (x86)\Microsoft SQL Server\Client SDK\ODBC\130\Tools\Binn\;C:\Program Files (x86)\Microsoft SQL Server\140\Tools\Binn\;C:\Program Files (x86)\Microsoft SQL Server\140\DTS\Binn\;C:\Program Files (x86)\Microsoft SQL Server\140\Tools\Binn\ManagementStudio\;C:\Program Files (x86)\Yarn\bin;C:\Program Files\Git\cmd;C:\Program Files (x86)\Windows Kits\8.1\Windows Performance Toolkit\;C:\Program Files\nodejs\;;C:\Program Files\Microsoft VS Code\bin;C:\Users\khiem.nguyen\AppData\Local\Yarn\bin;C:\Users\khiem.nguyen\AppData\Local\Microsoft\WindowsApps;C:\Users\khiem.nguyen\AppData\Roaming\npm

Yarn version: 
  1.1.0

Node version: 
  8.8.1

Platform: 
  win32 x64

npm manifest: 
  {
    "name": "dancing-goat",
    "version": "1.0.0",
    "private": true,
    "devDependencies": {
      "dateformat": "^2.0.0",
      "react-router": "^3.0.2",
      "react-scripts": "0.9.0"
    },
    "dependencies": {
      "kentico-cloud-delivery-typescript-sdk": "2.0.1",
      "react": "^15.3.1",
      "react-dom": "^15.3.1",
      "react-router-scroll": "^0.4.1",
      "twitter-widgets": "^1.0.0"
    },
    "scripts": {
      "start": "react-scripts start",
      "build": "react-scripts build",
      "test": "react-scripts test --env=jsdom",
      "eject": "react-scripts eject"
    },
    "eslintConfig": {
      "extends": "react-app"
    }
  }

yarn manifest: 
  No manifest

Lockfile: 
  No lockfile

Trace: 
  Error: EPERM: operation not permitted, copyfile 'C:\Users\khiem.nguyen\AppData\Local\Yarn\cache\v1\npm-readable-stream-2.3.3-368f2512d79f9d46fdfc71349ae7878bbc1eb95c\package.json' -> 'C:\Users\khiem.nguyen\Desktop\Kenico-cloud-react\node_modules\readable-stream\package.json'
